
SQL*Loader: Release 11.2.0.2.0 - Production on Thu May 24 10:32:33 2018

Copyright (c) 1982, 2009, Oracle and/or its affiliates.  All rights reserved.

Control File:   ctlfile.ctl
Data File:      SalesJan2009.csv
  Bad File:     SalesJan2009.bad
  Discard File:  none specified
 
 (Allow all discards)

Number to load: ALL
Number to skip: 0
Errors allowed: 50
Bind array:     64 rows, maximum of 256000 bytes
Continuation:    none specified
Path used:      Conventional

Table ANDRUHA.SALES, loaded from every logical record.
Insert option in effect for this table: INSERT
TRAILING NULLCOLS option in effect

   Column Name                  Position   Len  Term Encl Datatype
------------------------------ ---------- ----- ---- ---- ---------------------
TRANSACTION_DATE                    FIRST     *   ,  O(") CHARACTER            
PRODUCT                              NEXT     *   ,  O(") CHARACTER            
PRICE                                NEXT     *   ,  O(") CHARACTER            
PAYMENT_TYPE                         NEXT     *   ,  O(") CHARACTER            


Table ANDRUHA.SALES:
  998 Rows successfully loaded.
  0 Rows not loaded due to data errors.
  0 Rows not loaded because all WHEN clauses were failed.
  0 Rows not loaded because all fields were null.


Space allocated for bind array:                  66048 bytes(64 rows)
Read   buffer bytes: 1048576

Total logical records skipped:          0
Total logical records read:           998
Total logical records rejected:         0
Total logical records discarded:        0

Run began on Thu May 24 10:32:33 2018
Run ended on Thu May 24 10:32:34 2018

Elapsed time was:     00:00:01.02
CPU time was:         00:00:00.06
